2021-06-15 15:35:42 INFO  ProjectStartupHandler.runActivity(74) - ---------- Project opened ----------
2021-06-15 15:35:42 INFO  ProjectStartupHandler.runActivity(75) - ---------- Version 3.49 ----------

2021-06-15 15:35:42 INFO  ApacheHttpClient.isSessionAppropriateWithSecretKey(602) - Waiting for server response.
2021-06-15 15:35:42 INFO  ApacheHttpClient.refreshUserInfo(305) - responseCode = 200
2021-06-15 15:35:42 INFO  ApacheHttpClient.refreshUserInfo(311) - User information received.
2021-06-15 15:35:42 INFO  ApacheHttpClient.startGA(36) - GAService started.
2021-06-15 15:35:42 INFO  AbstractRestApiClient.startService(71) - EventsService started.
2021-06-15 15:36:42 INFO  ApacheHttpClient.sendEvent(535) - responseCode = 200
2021-06-15 15:37:42 INFO  ApacheHttpClient.sendEvent(535) - responseCode = 200
2021-06-15 15:38:42 INFO  ApacheHttpClient.sendEvent(535) - responseCode = 200
2021-06-15 15:39:42 INFO  ApacheHttpClient.sendEvent(535) - responseCode = 200
2021-06-15 15:40:42 INFO  ApacheHttpClient.sendEvent(535) - responseCode = 200
2021-06-15 15:41:42 INFO  ApacheHttpClient.sendEvent(535) - responseCode = 200
2021-06-15 15:42:42 INFO  ApacheHttpClient.sendEvent(535) - responseCode = 200
2021-06-15 15:43:42 INFO  ApacheHttpClient.sendEvent(535) - responseCode = 200
2021-06-15 15:44:42 INFO  ApacheHttpClient.sendEvent(535) - responseCode = 200
2021-06-15 15:45:42 INFO  ApacheHttpClient.sendEvent(535) - responseCode = 200
2021-06-15 15:46:42 INFO  ApacheHttpClient.sendEvent(535) - responseCode = 200
2021-06-15 15:47:42 INFO  ApacheHttpClient.sendEvent(535) - responseCode = 200
2021-06-15 15:48:42 INFO  ApacheHttpClient.sendEvent(535) - responseCode = 200
2021-06-15 15:49:42 INFO  ApacheHttpClient.sendEvent(535) - responseCode = 200
2021-06-15 15:50:42 INFO  ApacheHttpClient.sendEvent(535) - responseCode = 200
2021-06-15 15:51:42 INFO  ApacheHttpClient.sendEvent(535) - responseCode = 200
2021-06-15 15:52:42 INFO  ApacheHttpClient.sendEvent(535) - responseCode = 200
2021-06-15 15:53:42 INFO  ApacheHttpClient.sendEvent(535) - responseCode = 200
2021-06-15 15:54:42 INFO  ApacheHttpClient.sendEvent(535) - responseCode = 200
2021-06-15 15:55:42 INFO  ApacheHttpClient.sendEvent(535) - responseCode = 200
2021-06-15 15:56:42 INFO  ApacheHttpClient.sendEvent(535) - responseCode = 200
2021-06-15 15:57:42 INFO  ApacheHttpClient.sendEvent(535) - responseCode = 200
2021-06-15 15:58:42 INFO  ApacheHttpClient.sendEvent(535) - responseCode = 200
2021-06-15 15:59:42 INFO  ApacheHttpClient.sendEvent(535) - responseCode = 200
2021-06-15 16:00:42 INFO  ApacheHttpClient.sendEvent(535) - responseCode = 200
2021-06-15 16:01:42 INFO  ApacheHttpClient.sendEvent(535) - responseCode = 200
2021-06-15 16:02:42 INFO  ApacheHttpClient.sendEvent(535) - responseCode = 200
2021-06-15 16:03:42 INFO  ApacheHttpClient.sendEvent(535) - responseCode = 200
2021-06-15 16:04:42 INFO  ApacheHttpClient.sendEvent(535) - responseCode = 200
2021-06-15 16:05:42 INFO  ApacheHttpClient.sendEvent(535) - responseCode = 200
2021-06-15 16:06:42 INFO  ApacheHttpClient.sendEvent(535) - responseCode = 200
2021-06-15 16:07:42 INFO  ApacheHttpClient.sendEvent(535) - responseCode = 200
2021-06-15 16:08:42 INFO  ApacheHttpClient.sendEvent(535) - responseCode = 200
2021-06-15 16:09:42 INFO  ApacheHttpClient.sendEvent(535) - responseCode = 200
2021-06-15 16:10:42 INFO  ApacheHttpClient.sendEvent(535) - responseCode = 200
2021-06-15 16:11:42 INFO  ApacheHttpClient.sendEvent(535) - responseCode = 200
2021-06-15 16:12:42 INFO  ApacheHttpClient.sendEvent(535) - responseCode = 200
2021-06-15 16:13:42 INFO  ApacheHttpClient.sendEvent(535) - responseCode = 200
2021-06-15 16:14:42 INFO  ApacheHttpClient.sendEvent(535) - responseCode = 200
2021-06-15 16:15:42 INFO  ApacheHttpClient.sendEvent(535) - responseCode = 200
2021-06-15 16:16:42 INFO  ApacheHttpClient.sendEvent(535) - responseCode = 200
2021-06-15 16:17:42 INFO  ApacheHttpClient.sendEvent(535) - responseCode = 200
2021-06-15 16:18:42 INFO  ApacheHttpClient.sendEvent(535) - responseCode = 200
2021-06-15 16:19:42 INFO  ApacheHttpClient.sendEvent(535) - responseCode = 200
2021-06-15 16:20:42 INFO  ApacheHttpClient.sendEvent(535) - responseCode = 200
2021-06-15 16:21:42 INFO  ApacheHttpClient.sendEvent(535) - responseCode = 200
2021-06-15 16:22:42 INFO  ApacheHttpClient.sendEvent(535) - responseCode = 200
2021-06-15 16:23:42 INFO  ApacheHttpClient.sendEvent(535) - responseCode = 200
2021-06-15 16:24:42 INFO  ApacheHttpClient.sendEvent(535) - responseCode = 200
2021-06-15 16:25:42 INFO  ApacheHttpClient.sendEvent(535) - responseCode = 200
2021-06-15 16:26:42 INFO  ApacheHttpClient.sendEvent(535) - responseCode = 200
2021-06-15 16:27:42 INFO  ApacheHttpClient.sendEvent(535) - responseCode = 200
2021-06-15 16:28:42 INFO  ApacheHttpClient.sendEvent(535) - responseCode = 200
2021-06-15 16:29:42 INFO  ApacheHttpClient.sendEvent(535) - responseCode = 200
2021-06-15 16:30:42 INFO  ApacheHttpClient.sendEvent(535) - responseCode = 200
2021-06-15 16:31:42 INFO  ApacheHttpClient.sendEvent(535) - responseCode = 200
2021-06-15 16:32:42 INFO  ApacheHttpClient.sendEvent(535) - responseCode = 200
2021-06-15 16:33:42 INFO  ApacheHttpClient.sendEvent(535) - responseCode = 200
2021-06-15 16:34:42 INFO  ApacheHttpClient.sendEvent(535) - responseCode = 200
2021-06-15 16:35:42 INFO  ApacheHttpClient.sendEvent(535) - responseCode = 200
2021-06-15 16:36:42 INFO  ApacheHttpClient.sendEvent(535) - responseCode = 200
2021-06-15 16:37:42 INFO  ApacheHttpClient.sendEvent(535) - responseCode = 200
2021-06-15 16:38:42 INFO  ApacheHttpClient.sendEvent(535) - responseCode = 200
2021-06-15 16:39:42 INFO  ApacheHttpClient.sendEvent(535) - responseCode = 200
2021-06-15 16:40:42 INFO  ApacheHttpClient.sendEvent(535) - responseCode = 200
2021-06-15 16:41:42 INFO  ApacheHttpClient.sendEvent(535) - responseCode = 200
2021-06-15 16:42:42 INFO  ApacheHttpClient.sendEvent(535) - responseCode = 200
2021-06-15 16:43:42 INFO  ApacheHttpClient.sendEvent(535) - responseCode = 200
2021-06-15 16:44:42 INFO  ApacheHttpClient.sendEvent(535) - responseCode = 200
2021-06-15 16:45:42 INFO  ApacheHttpClient.sendEvent(535) - responseCode = 200
2021-06-15 16:46:42 INFO  ApacheHttpClient.sendEvent(535) - responseCode = 200
2021-06-15 16:47:42 INFO  ApacheHttpClient.sendEvent(535) - responseCode = 200
2021-06-15 16:48:42 INFO  ApacheHttpClient.sendEvent(535) - responseCode = 200
2021-06-15 16:49:42 INFO  ApacheHttpClient.sendEvent(535) - responseCode = 200
2021-06-15 16:50:42 INFO  ApacheHttpClient.sendEvent(535) - responseCode = 200
2021-06-15 16:51:42 INFO  ApacheHttpClient.sendEvent(535) - responseCode = 200
2021-06-15 16:52:42 INFO  ApacheHttpClient.sendEvent(535) - responseCode = 200
2021-06-15 16:53:42 INFO  ApacheHttpClient.sendEvent(535) - responseCode = 200
2021-06-15 16:54:42 INFO  ApacheHttpClient.sendEvent(535) - responseCode = 200
2021-06-15 16:55:42 INFO  ApacheHttpClient.sendEvent(535) - responseCode = 200
2021-06-15 16:56:42 INFO  ApacheHttpClient.sendEvent(535) - responseCode = 200
2021-06-15 16:57:42 INFO  ApacheHttpClient.sendEvent(535) - responseCode = 200
2021-06-15 16:58:42 INFO  ApacheHttpClient.sendEvent(535) - responseCode = 200
2021-06-15 16:59:42 INFO  ApacheHttpClient.sendEvent(535) - responseCode = 200
2021-06-15 17:00:42 INFO  ApacheHttpClient.sendEvent(535) - responseCode = 200
2021-06-15 17:01:42 INFO  ApacheHttpClient.sendEvent(535) - responseCode = 200
2021-06-15 17:02:42 INFO  ApacheHttpClient.sendEvent(535) - responseCode = 200
2021-06-15 17:03:42 INFO  ApacheHttpClient.sendEvent(535) - responseCode = 200
2021-06-15 17:04:42 INFO  ApacheHttpClient.sendEvent(535) - responseCode = 200
2021-06-15 17:05:42 INFO  ApacheHttpClient.sendEvent(535) - responseCode = 200
2021-06-15 17:06:42 INFO  ApacheHttpClient.sendEvent(535) - responseCode = 200
2021-06-15 17:07:42 INFO  ApacheHttpClient.sendEvent(535) - responseCode = 200
2021-06-15 17:08:42 INFO  ApacheHttpClient.sendEvent(535) - responseCode = 200
2021-06-15 17:09:42 INFO  ApacheHttpClient.sendEvent(535) - responseCode = 200
2021-06-15 17:10:42 INFO  ApacheHttpClient.sendEvent(535) - responseCode = 200
2021-06-15 17:11:42 INFO  ApacheHttpClient.sendEvent(535) - responseCode = 200
2021-06-15 17:12:42 INFO  ApacheHttpClient.sendEvent(535) - responseCode = 200
2021-06-15 17:13:42 INFO  ApacheHttpClient.sendEvent(535) - responseCode = 200
2021-06-15 17:14:42 INFO  ApacheHttpClient.sendEvent(535) - responseCode = 200
2021-06-15 17:15:42 INFO  ApacheHttpClient.sendEvent(535) - responseCode = 200
2021-06-15 17:16:42 INFO  ApacheHttpClient.sendEvent(535) - responseCode = 200
2021-06-15 17:17:42 INFO  ApacheHttpClient.sendEvent(535) - responseCode = 200
2021-06-15 17:18:42 INFO  ApacheHttpClient.sendEvent(535) - responseCode = 200
2021-06-15 17:19:42 INFO  ApacheHttpClient.sendEvent(535) - responseCode = 200
2021-06-15 17:20:42 INFO  ApacheHttpClient.sendEvent(535) - responseCode = 200
2021-06-15 17:21:42 INFO  ApacheHttpClient.sendEvent(535) - responseCode = 200
2021-06-15 17:22:42 INFO  ApacheHttpClient.sendEvent(535) - responseCode = 200
2021-06-15 17:23:42 INFO  ApacheHttpClient.sendEvent(535) - responseCode = 200
2021-06-15 17:24:42 INFO  ApacheHttpClient.sendEvent(535) - responseCode = 200
2021-06-15 17:25:42 INFO  ApacheHttpClient.sendEvent(535) - responseCode = 200
2021-06-15 17:26:42 INFO  ApacheHttpClient.sendEvent(535) - responseCode = 200
2021-06-15 17:27:42 INFO  ApacheHttpClient.sendEvent(535) - responseCode = 200
2021-06-15 17:28:42 INFO  ApacheHttpClient.sendEvent(535) - responseCode = 200
2021-06-15 17:29:42 INFO  ApacheHttpClient.sendEvent(535) - responseCode = 200
2021-06-15 17:30:42 INFO  ApacheHttpClient.sendEvent(535) - responseCode = 200
2021-06-15 17:31:42 INFO  ApacheHttpClient.sendEvent(535) - responseCode = 200
2021-06-15 17:32:42 INFO  ApacheHttpClient.sendEvent(535) - responseCode = 200
2021-06-15 17:33:42 INFO  ApacheHttpClient.sendEvent(535) - responseCode = 200
2021-06-15 17:34:42 INFO  ApacheHttpClient.sendEvent(535) - responseCode = 200
2021-06-15 17:35:42 INFO  ApacheHttpClient.sendEvent(535) - responseCode = 200
2021-06-15 17:36:42 INFO  ApacheHttpClient.sendEvent(535) - responseCode = 200
2021-06-15 17:37:42 INFO  ApacheHttpClient.sendEvent(535) - responseCode = 200
2021-06-15 17:38:42 INFO  ApacheHttpClient.sendEvent(535) - responseCode = 200
2021-06-15 17:39:42 INFO  ApacheHttpClient.sendEvent(535) - responseCode = 200
2021-06-15 17:40:42 INFO  ApacheHttpClient.sendEvent(535) - responseCode = 200
2021-06-15 17:41:42 INFO  ApacheHttpClient.sendEvent(535) - responseCode = 200
2021-06-15 17:42:42 INFO  ApacheHttpClient.sendEvent(535) - responseCode = 200
2021-06-15 17:43:42 INFO  ApacheHttpClient.sendEvent(535) - responseCode = 200
2021-06-15 17:44:42 INFO  ApacheHttpClient.sendEvent(535) - responseCode = 200
2021-06-15 17:45:42 INFO  ApacheHttpClient.sendEvent(535) - responseCode = 200
2021-06-15 17:46:42 INFO  ApacheHttpClient.sendEvent(535) - responseCode = 200
2021-06-15 17:47:42 INFO  ApacheHttpClient.sendEvent(535) - responseCode = 200
2021-06-15 17:48:42 INFO  ApacheHttpClient.sendEvent(535) - responseCode = 200
2021-06-15 17:49:42 INFO  ApacheHttpClient.sendEvent(535) - responseCode = 200
2021-06-15 17:50:42 INFO  ApacheHttpClient.sendEvent(535) - responseCode = 200
2021-06-15 17:51:42 INFO  ApacheHttpClient.sendEvent(535) - responseCode = 200
2021-06-15 17:52:42 INFO  ApacheHttpClient.sendEvent(535) - responseCode = 200
2021-06-15 17:53:42 INFO  ApacheHttpClient.sendEvent(535) - responseCode = 200
2021-06-15 17:54:42 INFO  ApacheHttpClient.sendEvent(535) - responseCode = 200
2021-06-15 17:55:42 INFO  ApacheHttpClient.sendEvent(535) - responseCode = 200
2021-06-15 17:56:42 INFO  ApacheHttpClient.sendEvent(535) - responseCode = 200
2021-06-15 17:57:42 INFO  ApacheHttpClient.sendEvent(535) - responseCode = 200
2021-06-15 17:58:42 INFO  ApacheHttpClient.sendEvent(535) - responseCode = 200
2021-06-15 17:59:42 INFO  ApacheHttpClient.sendEvent(535) - responseCode = 200
2021-06-15 18:00:42 INFO  ApacheHttpClient.sendEvent(535) - responseCode = 200
2021-06-15 18:01:42 INFO  ApacheHttpClient.sendEvent(535) - responseCode = 200
2021-06-15 18:02:42 INFO  ApacheHttpClient.sendEvent(535) - responseCode = 200
2021-06-15 18:03:42 INFO  ApacheHttpClient.sendEvent(535) - responseCode = 200
2021-06-15 18:04:42 INFO  ApacheHttpClient.sendEvent(535) - responseCode = 200
2021-06-15 18:05:42 INFO  ApacheHttpClient.sendEvent(535) - responseCode = 200
2021-06-15 18:06:42 INFO  ApacheHttpClient.sendEvent(535) - responseCode = 200
2021-06-15 18:07:42 INFO  ApacheHttpClient.sendEvent(535) - responseCode = 200
2021-06-15 18:08:42 INFO  ApacheHttpClient.sendEvent(535) - responseCode = 200
2021-06-15 18:09:26 INFO  ProjectStartupHandler.projectClosing(155) - ---------- Project closed ----------

2021-06-15 18:09:26 INFO  PluginProjectService.dispose(41) - PluginProjectService for disposed.
2021-06-15 22:01:49 INFO  ProjectStartupHandler.runActivity(74) - ---------- Project opened ----------
2021-06-15 22:01:49 INFO  ProjectStartupHandler.runActivity(75) - ---------- Version 3.49 ----------

2021-06-15 22:01:49 INFO  ApacheHttpClient.isSessionAppropriateWithSecretKey(602) - Waiting for server response.
2021-06-15 22:01:50 INFO  ApacheHttpClient.refreshUserInfo(305) - responseCode = 200
2021-06-15 22:01:50 INFO  ApacheHttpClient.refreshUserInfo(311) - User information received.
2021-06-15 22:01:50 INFO  ApacheHttpClient.startGA(36) - GAService started.
2021-06-15 22:01:50 INFO  AbstractRestApiClient.startService(71) - EventsService started.
2021-06-15 22:02:50 INFO  ApacheHttpClient.sendEvent(535) - responseCode = 200
2021-06-15 22:03:50 INFO  ApacheHttpClient.sendEvent(535) - responseCode = 200
2021-06-15 22:04:50 INFO  ApacheHttpClient.sendEvent(535) - responseCode = 200
2021-06-15 22:05:50 INFO  ApacheHttpClient.sendEvent(535) - responseCode = 200
2021-06-15 22:06:50 INFO  ApacheHttpClient.sendEvent(535) - responseCode = 200
2021-06-15 22:07:50 INFO  ApacheHttpClient.sendEvent(535) - responseCode = 200
2021-06-15 22:08:50 INFO  ApacheHttpClient.sendEvent(535) - responseCode = 200
2021-06-15 22:09:50 INFO  ApacheHttpClient.sendEvent(535) - responseCode = 200
2021-06-15 22:10:50 INFO  ApacheHttpClient.sendEvent(535) - responseCode = 200
2021-06-15 22:11:50 INFO  ApacheHttpClient.sendEvent(535) - responseCode = 200
2021-06-15 22:12:50 INFO  ApacheHttpClient.sendEvent(535) - responseCode = 200
2021-06-15 22:13:50 INFO  ApacheHttpClient.sendEvent(535) - responseCode = 200
2021-06-15 22:14:50 INFO  ApacheHttpClient.sendEvent(535) - responseCode = 200
2021-06-15 22:15:50 INFO  ApacheHttpClient.sendEvent(535) - responseCode = 200
2021-06-15 22:16:50 INFO  ApacheHttpClient.sendEvent(535) - responseCode = 200
2021-06-15 22:17:50 INFO  ApacheHttpClient.sendEvent(535) - responseCode = 200
2021-06-15 22:18:50 INFO  ApacheHttpClient.sendEvent(535) - responseCode = 200
2021-06-15 22:19:50 INFO  ApacheHttpClient.sendEvent(535) - responseCode = 200
2021-06-15 22:20:50 INFO  ApacheHttpClient.sendEvent(535) - responseCode = 200
2021-06-15 22:21:50 INFO  ApacheHttpClient.sendEvent(535) - responseCode = 200
2021-06-15 22:22:50 INFO  ApacheHttpClient.sendEvent(535) - responseCode = 200
2021-06-15 22:23:50 INFO  ApacheHttpClient.sendEvent(535) - responseCode = 200
2021-06-15 22:24:50 INFO  ApacheHttpClient.sendEvent(535) - responseCode = 200
2021-06-15 22:25:50 INFO  ApacheHttpClient.sendEvent(535) - responseCode = 200
2021-06-15 22:26:50 INFO  ApacheHttpClient.sendEvent(535) - responseCode = 200
2021-06-15 22:27:50 INFO  ApacheHttpClient.sendEvent(535) - responseCode = 200
2021-06-15 22:28:50 INFO  ApacheHttpClient.sendEvent(535) - responseCode = 200
2021-06-15 22:29:50 INFO  ApacheHttpClient.sendEvent(535) - responseCode = 200
2021-06-15 22:30:50 INFO  ApacheHttpClient.sendEvent(535) - responseCode = 200
2021-06-15 22:31:50 INFO  ApacheHttpClient.sendEvent(535) - responseCode = 200
2021-06-15 22:32:50 INFO  ApacheHttpClient.sendEvent(535) - responseCode = 200
2021-06-15 22:33:50 INFO  ApacheHttpClient.sendEvent(535) - responseCode = 200
2021-06-15 22:34:50 INFO  ApacheHttpClient.sendEvent(535) - responseCode = 200
2021-06-15 22:35:50 INFO  ApacheHttpClient.sendEvent(535) - responseCode = 200
2021-06-15 22:36:50 INFO  ApacheHttpClient.sendEvent(535) - responseCode = 200
2021-06-15 22:37:50 INFO  ApacheHttpClient.sendEvent(535) - responseCode = 200
2021-06-15 22:38:50 INFO  ApacheHttpClient.sendEvent(535) - responseCode = 200
2021-06-15 22:39:50 INFO  ApacheHttpClient.sendEvent(535) - responseCode = 200
2021-06-15 22:40:50 INFO  ApacheHttpClient.sendEvent(535) - responseCode = 200
2021-06-15 22:41:50 INFO  ApacheHttpClient.sendEvent(535) - responseCode = 200
2021-06-15 22:42:50 INFO  ApacheHttpClient.sendEvent(535) - responseCode = 200
2021-06-15 22:43:50 INFO  ApacheHttpClient.sendEvent(535) - responseCode = 200
2021-06-15 22:44:50 INFO  ApacheHttpClient.sendEvent(535) - responseCode = 200
2021-06-15 22:45:50 INFO  ApacheHttpClient.sendEvent(535) - responseCode = 200
2021-06-15 22:46:50 INFO  ApacheHttpClient.sendEvent(535) - responseCode = 200
2021-06-15 22:47:50 INFO  ApacheHttpClient.sendEvent(535) - responseCode = 200
2021-06-15 22:48:50 INFO  ApacheHttpClient.sendEvent(535) - responseCode = 200
2021-06-15 22:49:50 INFO  ApacheHttpClient.sendEvent(535) - responseCode = 200
2021-06-15 22:50:50 INFO  ApacheHttpClient.sendEvent(535) - responseCode = 200
2021-06-15 22:51:50 INFO  ApacheHttpClient.sendEvent(535) - responseCode = 200
2021-06-15 22:52:50 INFO  ApacheHttpClient.sendEvent(535) - responseCode = 200
2021-06-15 22:53:50 INFO  ApacheHttpClient.sendEvent(535) - responseCode = 200
2021-06-15 22:54:50 INFO  ApacheHttpClient.sendEvent(535) - responseCode = 200
2021-06-15 22:55:50 INFO  ApacheHttpClient.sendEvent(535) - responseCode = 200
2021-06-15 22:56:50 INFO  ApacheHttpClient.sendEvent(535) - responseCode = 200
2021-06-15 22:57:50 INFO  ApacheHttpClient.sendEvent(535) - responseCode = 200
2021-06-15 22:58:50 INFO  ApacheHttpClient.sendEvent(535) - responseCode = 200
2021-06-15 22:59:50 INFO  ApacheHttpClient.sendEvent(535) - responseCode = 200
2021-06-15 23:00:50 INFO  ApacheHttpClient.sendEvent(535) - responseCode = 200
2021-06-15 23:01:50 INFO  ApacheHttpClient.sendEvent(535) - responseCode = 200
2021-06-15 23:02:50 INFO  ApacheHttpClient.sendEvent(535) - responseCode = 200
2021-06-15 23:03:50 INFO  ApacheHttpClient.sendEvent(535) - responseCode = 200
2021-06-15 23:04:50 INFO  ApacheHttpClient.sendEvent(535) - responseCode = 200
2021-06-15 23:05:50 INFO  ApacheHttpClient.sendEvent(535) - responseCode = 200
2021-06-15 23:06:50 INFO  ApacheHttpClient.sendEvent(535) - responseCode = 200
2021-06-15 23:07:50 INFO  ApacheHttpClient.sendEvent(535) - responseCode = 200
2021-06-15 23:08:50 INFO  ApacheHttpClient.sendEvent(535) - responseCode = 200
2021-06-15 23:09:50 INFO  ApacheHttpClient.sendEvent(535) - responseCode = 200
2021-06-15 23:10:50 INFO  ApacheHttpClient.sendEvent(535) - responseCode = 200
2021-06-15 23:11:50 INFO  ApacheHttpClient.sendEvent(535) - responseCode = 200
2021-06-15 23:12:50 INFO  ApacheHttpClient.sendEvent(535) - responseCode = 200
2021-06-15 23:13:50 INFO  ApacheHttpClient.sendEvent(535) - responseCode = 200
2021-06-15 23:14:50 INFO  ApacheHttpClient.sendEvent(535) - responseCode = 200
2021-06-15 23:15:50 INFO  ApacheHttpClient.sendEvent(535) - responseCode = 200
2021-06-15 23:16:50 INFO  ApacheHttpClient.sendEvent(535) - responseCode = 200
2021-06-15 23:17:50 INFO  ApacheHttpClient.sendEvent(535) - responseCode = 200
2021-06-15 23:18:50 INFO  ApacheHttpClient.sendEvent(535) - responseCode = 200
2021-06-15 23:19:50 INFO  ApacheHttpClient.sendEvent(535) - responseCode = 200
2021-06-15 23:20:50 INFO  ApacheHttpClient.sendEvent(535) - responseCode = 200
2021-06-15 23:21:50 INFO  ApacheHttpClient.sendEvent(535) - responseCode = 200
2021-06-15 23:22:50 INFO  ApacheHttpClient.sendEvent(535) - responseCode = 200
2021-06-15 23:23:50 INFO  ApacheHttpClient.sendEvent(535) - responseCode = 200
2021-06-15 23:24:50 INFO  ApacheHttpClient.sendEvent(535) - responseCode = 200
2021-06-15 23:25:50 INFO  ApacheHttpClient.sendEvent(535) - responseCode = 200
2021-06-15 23:26:50 INFO  ApacheHttpClient.sendEvent(535) - responseCode = 200
2021-06-15 23:27:50 INFO  ApacheHttpClient.sendEvent(535) - responseCode = 200
2021-06-15 23:28:50 INFO  ApacheHttpClient.sendEvent(535) - responseCode = 200
2021-06-15 23:29:50 INFO  ApacheHttpClient.sendEvent(535) - responseCode = 200
2021-06-15 23:30:50 INFO  ApacheHttpClient.sendEvent(535) - responseCode = 200
2021-06-15 23:31:50 INFO  ApacheHttpClient.sendEvent(535) - responseCode = 200
2021-06-15 23:32:50 INFO  ApacheHttpClient.sendEvent(535) - responseCode = 200
2021-06-15 23:33:50 INFO  ApacheHttpClient.sendEvent(535) - responseCode = 200
2021-06-15 23:34:50 INFO  ApacheHttpClient.sendEvent(535) - responseCode = 200
2021-06-15 23:35:50 INFO  ApacheHttpClient.sendEvent(535) - responseCode = 200
2021-06-15 23:36:50 INFO  ApacheHttpClient.sendEvent(535) - responseCode = 200
2021-06-15 23:37:50 INFO  ApacheHttpClient.sendEvent(535) - responseCode = 200
2021-06-15 23:38:50 INFO  ApacheHttpClient.sendEvent(535) - responseCode = 200
2021-06-15 23:39:50 INFO  ApacheHttpClient.sendEvent(535) - responseCode = 200
2021-06-15 23:40:50 INFO  ApacheHttpClient.sendEvent(535) - responseCode = 200
2021-06-15 23:41:50 INFO  ApacheHttpClient.sendEvent(535) - responseCode = 200
2021-06-15 23:42:50 INFO  ApacheHttpClient.sendEvent(535) - responseCode = 200
2021-06-15 23:43:50 INFO  ApacheHttpClient.sendEvent(535) - responseCode = 200
2021-06-15 23:44:50 INFO  ApacheHttpClient.sendEvent(535) - responseCode = 200
2021-06-15 23:45:50 INFO  ApacheHttpClient.sendEvent(535) - responseCode = 200
2021-06-15 23:46:50 INFO  ApacheHttpClient.sendEvent(535) - responseCode = 200
2021-06-15 23:47:50 INFO  ApacheHttpClient.sendEvent(535) - responseCode = 200
2021-06-15 23:48:50 INFO  ApacheHttpClient.sendEvent(535) - responseCode = 200
2021-06-15 23:49:50 INFO  ApacheHttpClient.sendEvent(535) - responseCode = 200
2021-06-15 23:50:50 INFO  ApacheHttpClient.sendEvent(535) - responseCode = 200
2021-06-15 23:51:50 INFO  ApacheHttpClient.sendEvent(535) - responseCode = 200
2021-06-15 23:52:50 INFO  ApacheHttpClient.sendEvent(535) - responseCode = 200
2021-06-15 23:53:50 INFO  ApacheHttpClient.sendEvent(535) - responseCode = 200
2021-06-15 23:54:50 INFO  ApacheHttpClient.sendEvent(535) - responseCode = 200
2021-06-15 23:55:50 INFO  ApacheHttpClient.sendEvent(535) - responseCode = 200
2021-06-15 23:56:50 INFO  ApacheHttpClient.sendEvent(535) - responseCode = 200
2021-06-15 23:57:50 INFO  ApacheHttpClient.sendEvent(535) - responseCode = 200
2021-06-15 23:58:50 INFO  ApacheHttpClient.sendEvent(535) - responseCode = 200
2021-06-15 23:59:36 INFO  ProjectStartupHandler.projectClosing(155) - ---------- Project closed ----------

2021-06-15 23:59:36 INFO  PluginProjectService.dispose(41) - PluginProjectService for disposed.
2021-06-16 09:10:57 INFO  ProjectStartupHandler.runActivity(74) - ---------- Project opened ----------
2021-06-16 09:10:57 INFO  ProjectStartupHandler.runActivity(75) - ---------- Version 3.49 ----------

2021-06-16 09:10:57 INFO  ApacheHttpClient.isSessionAppropriateWithSecretKey(602) - Waiting for server response.
2021-06-16 09:10:57 INFO  ApacheHttpClient.refreshUserInfo(305) - responseCode = 200
2021-06-16 09:10:57 INFO  ApacheHttpClient.refreshUserInfo(311) - User information received.
2021-06-16 09:10:57 INFO  ApacheHttpClient.startGA(36) - GAService started.
2021-06-16 09:10:57 INFO  AbstractRestApiClient.startService(71) - EventsService started.
2021-06-16 09:11:57 INFO  ApacheHttpClient.sendEvent(535) - responseCode = 200
2021-06-16 09:12:57 INFO  ApacheHttpClient.sendEvent(535) - responseCode = 200
2021-06-16 09:13:57 INFO  ApacheHttpClient.sendEvent(535) - responseCode = 200
2021-06-16 09:14:57 INFO  ApacheHttpClient.sendEvent(535) - responseCode = 200
2021-06-16 09:15:57 INFO  ApacheHttpClient.sendEvent(535) - responseCode = 200
2021-06-16 09:16:57 INFO  ApacheHttpClient.sendEvent(535) - responseCode = 200
2021-06-16 09:17:57 INFO  ApacheHttpClient.sendEvent(535) - responseCode = 200
2021-06-16 09:18:57 INFO  ApacheHttpClient.sendEvent(535) - responseCode = 200
2021-06-16 09:19:57 INFO  ApacheHttpClient.sendEvent(535) - responseCode = 200
2021-06-16 09:20:57 INFO  ApacheHttpClient.sendEvent(535) - responseCode = 200
2021-06-16 09:21:57 INFO  ApacheHttpClient.sendEvent(535) - responseCode = 200
2021-06-16 09:22:57 INFO  ApacheHttpClient.sendEvent(535) - responseCode = 200
2021-06-16 09:23:57 INFO  ApacheHttpClient.sendEvent(535) - responseCode = 200
2021-06-16 09:24:57 INFO  ApacheHttpClient.sendEvent(535) - responseCode = 200
2021-06-16 09:25:57 INFO  ApacheHttpClient.sendEvent(535) - responseCode = 200
2021-06-16 09:26:57 INFO  ApacheHttpClient.sendEvent(535) - responseCode = 200
2021-06-16 09:27:57 INFO  ApacheHttpClient.sendEvent(535) - responseCode = 200
2021-06-16 09:28:57 INFO  ApacheHttpClient.sendEvent(535) - responseCode = 200
2021-06-16 09:29:57 INFO  ApacheHttpClient.sendEvent(535) - responseCode = 200
2021-06-16 09:30:57 INFO  ApacheHttpClient.sendEvent(535) - responseCode = 200
2021-06-16 09:31:57 INFO  ApacheHttpClient.sendEvent(535) - responseCode = 200
2021-06-16 09:32:57 INFO  ApacheHttpClient.sendEvent(535) - responseCode = 200
2021-06-16 09:33:57 INFO  ApacheHttpClient.sendEvent(535) - responseCode = 200
2021-06-16 09:34:57 INFO  ApacheHttpClient.sendEvent(535) - responseCode = 200
2021-06-16 09:35:57 INFO  ApacheHttpClient.sendEvent(535) - responseCode = 200
2021-06-16 09:36:57 INFO  ApacheHttpClient.sendEvent(535) - responseCode = 200
2021-06-16 09:37:57 INFO  ApacheHttpClient.sendEvent(535) - responseCode = 200
2021-06-16 09:38:57 INFO  ApacheHttpClient.sendEvent(535) - responseCode = 200
2021-06-16 09:39:57 INFO  ApacheHttpClient.sendEvent(535) - responseCode = 200
2021-06-16 09:40:57 INFO  ApacheHttpClient.sendEvent(535) - responseCode = 200
2021-06-16 09:41:57 INFO  ApacheHttpClient.sendEvent(535) - responseCode = 200
2021-06-16 09:42:57 INFO  ApacheHttpClient.sendEvent(535) - responseCode = 200
2021-06-16 09:43:57 INFO  ApacheHttpClient.sendEvent(535) - responseCode = 200
2021-06-16 09:44:57 INFO  ApacheHttpClient.sendEvent(535) - responseCode = 200
2021-06-16 09:45:57 INFO  ApacheHttpClient.sendEvent(535) - responseCode = 200
2021-06-16 09:46:57 INFO  ApacheHttpClient.sendEvent(535) - responseCode = 200
2021-06-16 09:47:57 INFO  ApacheHttpClient.sendEvent(535) - responseCode = 200
2021-06-16 09:48:57 INFO  ApacheHttpClient.sendEvent(535) - responseCode = 200
2021-06-16 09:49:57 INFO  ApacheHttpClient.sendEvent(535) - responseCode = 200
2021-06-16 09:50:57 INFO  ApacheHttpClient.sendEvent(535) - responseCode = 200
2021-06-16 09:51:57 INFO  ApacheHttpClient.sendEvent(535) - responseCode = 200
2021-06-16 09:52:57 INFO  ApacheHttpClient.sendEvent(535) - responseCode = 200
2021-06-16 09:53:57 INFO  ApacheHttpClient.sendEvent(535) - responseCode = 200
2021-06-16 09:54:57 INFO  ApacheHttpClient.sendEvent(535) - responseCode = 200
2021-06-16 09:55:57 INFO  ApacheHttpClient.sendEvent(535) - responseCode = 200
2021-06-16 09:56:57 INFO  ApacheHttpClient.sendEvent(535) - responseCode = 200
2021-06-16 09:57:57 INFO  ApacheHttpClient.sendEvent(535) - responseCode = 200
2021-06-16 09:58:57 INFO  ApacheHttpClient.sendEvent(535) - responseCode = 200
2021-06-16 09:59:57 INFO  ApacheHttpClient.sendEvent(535) - responseCode = 200
2021-06-16 10:00:57 INFO  ApacheHttpClient.sendEvent(535) - responseCode = 200
2021-06-16 10:01:57 INFO  ApacheHttpClient.sendEvent(535) - responseCode = 200
2021-06-16 10:02:57 INFO  ApacheHttpClient.sendEvent(535) - responseCode = 200
2021-06-16 10:03:57 INFO  ApacheHttpClient.sendEvent(535) - responseCode = 200
2021-06-16 10:04:57 INFO  ApacheHttpClient.sendEvent(535) - responseCode = 200
2021-06-16 10:05:57 INFO  ApacheHttpClient.sendEvent(535) - responseCode = 200
2021-06-16 10:06:57 INFO  ApacheHttpClient.sendEvent(535) - responseCode = 200
2021-06-16 10:07:57 INFO  ApacheHttpClient.sendEvent(535) - responseCode = 200
2021-06-16 10:08:57 INFO  ApacheHttpClient.sendEvent(535) - responseCode = 200
2021-06-16 10:09:57 INFO  ApacheHttpClient.sendEvent(535) - responseCode = 200
2021-06-16 10:10:57 INFO  ApacheHttpClient.sendEvent(535) - responseCode = 200
2021-06-16 10:11:57 INFO  ApacheHttpClient.sendEvent(535) - responseCode = 200
2021-06-16 10:12:57 INFO  ApacheHttpClient.sendEvent(535) - responseCode = 200
2021-06-16 10:13:57 INFO  ApacheHttpClient.sendEvent(535) - responseCode = 200
2021-06-16 10:14:57 INFO  ApacheHttpClient.sendEvent(535) - responseCode = 200
2021-06-16 10:15:57 INFO  ApacheHttpClient.sendEvent(535) - responseCode = 200
2021-06-16 10:16:57 INFO  ApacheHttpClient.sendEvent(535) - responseCode = 200
2021-06-16 10:17:57 INFO  ApacheHttpClient.sendEvent(535) - responseCode = 200
2021-06-16 10:18:57 INFO  ApacheHttpClient.sendEvent(535) - responseCode = 200
2021-06-16 10:19:57 INFO  ApacheHttpClient.sendEvent(535) - responseCode = 200
2021-06-16 10:20:57 INFO  ApacheHttpClient.sendEvent(535) - responseCode = 200
2021-06-16 10:21:57 INFO  ApacheHttpClient.sendEvent(535) - responseCode = 200
2021-06-16 10:22:57 INFO  ApacheHttpClient.sendEvent(535) - responseCode = 200
2021-06-16 10:23:57 INFO  ApacheHttpClient.sendEvent(535) - responseCode = 200
2021-06-16 10:24:57 INFO  ApacheHttpClient.sendEvent(535) - responseCode = 200
2021-06-16 10:25:57 INFO  ApacheHttpClient.sendEvent(535) - responseCode = 200
2021-06-16 10:26:57 INFO  ApacheHttpClient.sendEvent(535) - responseCode = 200
2021-06-16 10:27:57 INFO  ApacheHttpClient.sendEvent(535) - responseCode = 200
2021-06-16 10:28:57 INFO  ApacheHttpClient.sendEvent(535) - responseCode = 200
2021-06-16 10:29:57 INFO  ApacheHttpClient.sendEvent(535) - responseCode = 200
2021-06-16 10:30:57 INFO  ApacheHttpClient.sendEvent(535) - responseCode = 200
2021-06-16 10:31:57 INFO  ApacheHttpClient.sendEvent(535) - responseCode = 200
2021-06-16 10:32:57 INFO  ApacheHttpClient.sendEvent(535) - responseCode = 200
2021-06-16 10:33:57 INFO  ApacheHttpClient.sendEvent(535) - responseCode = 200
2021-06-16 10:34:57 INFO  ApacheHttpClient.sendEvent(535) - responseCode = 200
2021-06-16 10:35:57 INFO  ApacheHttpClient.sendEvent(535) - responseCode = 200
2021-06-16 10:36:57 INFO  ApacheHttpClient.sendEvent(535) - responseCode = 200
2021-06-16 10:37:57 INFO  ApacheHttpClient.sendEvent(535) - responseCode = 200
2021-06-16 10:38:57 INFO  ApacheHttpClient.sendEvent(535) - responseCode = 200
2021-06-16 10:39:57 INFO  ApacheHttpClient.sendEvent(535) - responseCode = 200
2021-06-16 10:40:57 INFO  ApacheHttpClient.sendEvent(535) - responseCode = 200
2021-06-16 10:41:57 INFO  ApacheHttpClient.sendEvent(535) - responseCode = 200
2021-06-16 10:42:57 INFO  ApacheHttpClient.sendEvent(535) - responseCode = 200
2021-06-16 10:43:57 INFO  ApacheHttpClient.sendEvent(535) - responseCode = 200
2021-06-16 10:44:57 INFO  ApacheHttpClient.sendEvent(535) - responseCode = 200
2021-06-16 10:45:57 INFO  ApacheHttpClient.sendEvent(535) - responseCode = 200
2021-06-16 10:46:57 INFO  ApacheHttpClient.sendEvent(535) - responseCode = 200
2021-06-16 10:47:57 INFO  ApacheHttpClient.sendEvent(535) - responseCode = 200
2021-06-16 10:48:57 INFO  ApacheHttpClient.sendEvent(535) - responseCode = 200
2021-06-16 10:49:57 INFO  ApacheHttpClient.sendEvent(535) - responseCode = 200
2021-06-16 10:50:57 INFO  ApacheHttpClient.sendEvent(535) - responseCode = 200
2021-06-16 10:51:57 INFO  ApacheHttpClient.sendEvent(535) - responseCode = 200
2021-06-16 10:52:57 INFO  ApacheHttpClient.sendEvent(535) - responseCode = 200
2021-06-16 10:53:57 INFO  ApacheHttpClient.sendEvent(535) - responseCode = 200
2021-06-16 10:54:57 INFO  ApacheHttpClient.sendEvent(535) - responseCode = 200
2021-06-16 10:55:57 INFO  ApacheHttpClient.sendEvent(535) - responseCode = 200
2021-06-16 10:56:57 INFO  ApacheHttpClient.sendEvent(535) - responseCode = 200
2021-06-16 10:57:57 INFO  ApacheHttpClient.sendEvent(535) - responseCode = 200
2021-06-16 10:58:57 INFO  ApacheHttpClient.sendEvent(535) - responseCode = 200
2021-06-16 10:59:57 INFO  ApacheHttpClient.sendEvent(535) - responseCode = 200
2021-06-16 11:00:57 INFO  ApacheHttpClient.sendEvent(535) - responseCode = 200
2021-06-16 11:01:57 INFO  ApacheHttpClient.sendEvent(535) - responseCode = 200
2021-06-16 11:02:57 INFO  ApacheHttpClient.sendEvent(535) - responseCode = 200
2021-06-16 11:03:57 INFO  ApacheHttpClient.sendEvent(535) - responseCode = 200
2021-06-16 11:04:57 INFO  ApacheHttpClient.sendEvent(535) - responseCode = 200
2021-06-16 11:05:57 INFO  ApacheHttpClient.sendEvent(535) - responseCode = 200
2021-06-16 11:06:57 INFO  ApacheHttpClient.sendEvent(535) - responseCode = 200
2021-06-16 11:07:57 INFO  ApacheHttpClient.sendEvent(535) - responseCode = 200
2021-06-16 11:08:57 INFO  ApacheHttpClient.sendEvent(535) - responseCode = 200
2021-06-16 11:09:57 INFO  ApacheHttpClient.sendEvent(535) - responseCode = 200
2021-06-16 11:10:57 INFO  ApacheHttpClient.sendEvent(535) - responseCode = 200
2021-06-16 11:11:57 INFO  ApacheHttpClient.sendEvent(535) - responseCode = 200
2021-06-16 11:12:57 INFO  ApacheHttpClient.sendEvent(535) - responseCode = 200
2021-06-16 11:13:57 INFO  ApacheHttpClient.sendEvent(535) - responseCode = 200
2021-06-16 11:14:57 INFO  ApacheHttpClient.sendEvent(535) - responseCode = 200
2021-06-16 11:15:57 INFO  ApacheHttpClient.sendEvent(535) - responseCode = 200
2021-06-16 11:16:57 INFO  ApacheHttpClient.sendEvent(535) - responseCode = 200
2021-06-16 11:17:57 INFO  ApacheHttpClient.sendEvent(535) - responseCode = 200
2021-06-16 11:18:57 INFO  ApacheHttpClient.sendEvent(535) - responseCode = 200
2021-06-16 11:19:57 INFO  ApacheHttpClient.sendEvent(535) - responseCode = 200
2021-06-16 11:20:57 INFO  ApacheHttpClient.sendEvent(535) - responseCode = 200
2021-06-16 11:21:57 INFO  ApacheHttpClient.sendEvent(535) - responseCode = 200
2021-06-16 11:22:57 INFO  ApacheHttpClient.sendEvent(535) - responseCode = 200
2021-06-16 11:23:57 INFO  ApacheHttpClient.sendEvent(535) - responseCode = 200
2021-06-16 11:24:57 INFO  ApacheHttpClient.sendEvent(535) - responseCode = 200
2021-06-16 11:25:57 INFO  ApacheHttpClient.sendEvent(535) - responseCode = 200
2021-06-16 11:26:57 INFO  ApacheHttpClient.sendEvent(535) - responseCode = 200
2021-06-16 11:27:57 INFO  ApacheHttpClient.sendEvent(535) - responseCode = 200
2021-06-16 11:28:57 INFO  ApacheHttpClient.sendEvent(535) - responseCode = 200
2021-06-16 11:29:57 INFO  ApacheHttpClient.sendEvent(535) - responseCode = 200
2021-06-16 11:30:57 INFO  ApacheHttpClient.sendEvent(535) - responseCode = 200
2021-06-16 11:31:57 INFO  ApacheHttpClient.sendEvent(535) - responseCode = 200
2021-06-16 11:32:57 INFO  ApacheHttpClient.sendEvent(535) - responseCode = 200
2021-06-16 11:33:57 INFO  ApacheHttpClient.sendEvent(535) - responseCode = 200
2021-06-16 11:34:57 INFO  ApacheHttpClient.sendEvent(535) - responseCode = 200
2021-06-16 11:35:57 INFO  ApacheHttpClient.sendEvent(535) - responseCode = 200
2021-06-16 11:36:57 INFO  ApacheHttpClient.sendEvent(535) - responseCode = 200
2021-06-16 11:37:57 INFO  ApacheHttpClient.sendEvent(535) - responseCode = 200
2021-06-16 11:38:57 INFO  ApacheHttpClient.sendEvent(535) - responseCode = 200
2021-06-16 11:39:03 INFO  ApacheHttpClient.getWebResourceAsStream(502) - responseCode = 200
2021-06-16 11:39:03 INFO  ApacheHttpClient.getTask(488) - responseCode = 200
2021-06-16 11:39:05 INFO  ApacheHttpClient.completed(32) - responseCode = 200
2021-06-16 11:39:05 INFO  ApacheHttpClient.getTask(488) - responseCode = 200
2021-06-16 11:39:55 INFO  ApacheHttpClient.getWebResourceAsStream(502) - responseCode = 200
2021-06-16 11:39:57 INFO  ApacheHttpClient.sendEvent(535) - responseCode = 200
2021-06-16 11:40:57 INFO  ApacheHttpClient.sendEvent(535) - responseCode = 200
2021-06-16 11:41:24 INFO  ApacheHttpClient.getWebResourceAsStream(502) - responseCode = 200
2021-06-16 11:41:24 INFO  ApacheHttpClient.getFilteredTasks(336) - responseCode = 200
2021-06-16 11:41:29 INFO  ApacheHttpClient.getTaskTemplateInfo(353) - responseCode = 200
2021-06-16 11:41:29 INFO  TaskInfoSelectorMouseListener.createDirectoryRecursive(77) - File created :C:/GitHub/JavaRushTasks/3.JavaMultithreading/src/com/javarush/task/task24/task2408
2021-06-16 11:41:57 INFO  ApacheHttpClient.sendEvent(535) - responseCode = 200
2021-06-16 11:42:57 INFO  ApacheHttpClient.sendEvent(535) - responseCode = 200
2021-06-16 11:43:57 INFO  ApacheHttpClient.sendEvent(535) - responseCode = 200
2021-06-16 11:44:57 INFO  ApacheHttpClient.sendEvent(535) - responseCode = 200
2021-06-16 11:45:57 INFO  ApacheHttpClient.sendEvent(535) - responseCode = 200
2021-06-16 11:46:57 INFO  ApacheHttpClient.sendEvent(535) - responseCode = 200
2021-06-16 11:47:57 INFO  ApacheHttpClient.sendEvent(535) - responseCode = 200
2021-06-16 11:48:57 INFO  ApacheHttpClient.sendEvent(535) - responseCode = 200
2021-06-16 11:49:57 INFO  ApacheHttpClient.sendEvent(535) - responseCode = 200
2021-06-16 11:50:57 INFO  ApacheHttpClient.sendEvent(535) - responseCode = 200
2021-06-16 11:51:57 INFO  ApacheHttpClient.sendEvent(535) - responseCode = 200
2021-06-16 11:52:57 INFO  ApacheHttpClient.sendEvent(535) - responseCode = 200
2021-06-16 11:53:57 INFO  ApacheHttpClient.sendEvent(535) - responseCode = 200
2021-06-16 11:54:57 INFO  ApacheHttpClient.sendEvent(535) - responseCode = 200
2021-06-16 11:55:57 INFO  ApacheHttpClient.sendEvent(535) - responseCode = 200
2021-06-16 11:56:57 INFO  ApacheHttpClient.sendEvent(535) - responseCode = 200
2021-06-16 11:57:57 INFO  ApacheHttpClient.sendEvent(535) - responseCode = 200
2021-06-16 11:58:57 INFO  ApacheHttpClient.sendEvent(535) - responseCode = 200
2021-06-16 11:59:57 INFO  ApacheHttpClient.sendEvent(535) - responseCode = 200
2021-06-16 12:00:57 INFO  ApacheHttpClient.sendEvent(535) - responseCode = 200
2021-06-16 12:01:57 INFO  ApacheHttpClient.sendEvent(535) - responseCode = 200
2021-06-16 12:02:57 INFO  ApacheHttpClient.sendEvent(535) - responseCode = 200
2021-06-16 12:03:57 INFO  ApacheHttpClient.sendEvent(535) - responseCode = 200
2021-06-16 12:04:57 INFO  ApacheHttpClient.sendEvent(535) - responseCode = 200
2021-06-16 12:05:57 INFO  ApacheHttpClient.sendEvent(535) - responseCode = 200
2021-06-16 12:06:57 INFO  ApacheHttpClient.sendEvent(535) - responseCode = 200
2021-06-16 12:07:57 INFO  ApacheHttpClient.sendEvent(535) - responseCode = 200
2021-06-16 12:08:57 INFO  ApacheHttpClient.sendEvent(535) - responseCode = 200
2021-06-16 12:09:57 INFO  ApacheHttpClient.sendEvent(535) - responseCode = 200
2021-06-16 12:10:57 INFO  ApacheHttpClient.sendEvent(535) - responseCode = 200
2021-06-16 12:11:42 INFO  ApacheHttpClient.getWebResourceAsStream(502) - responseCode = 200
2021-06-16 12:11:42 INFO  ApacheHttpClient.getTask(488) - responseCode = 200
2021-06-16 12:11:43 INFO  ApacheHttpClient.completed(32) - responseCode = 200
2021-06-16 12:11:57 INFO  ApacheHttpClient.sendEvent(535) - responseCode = 200
2021-06-16 12:12:57 INFO  ApacheHttpClient.sendEvent(535) - responseCode = 200
2021-06-16 12:13:57 INFO  ApacheHttpClient.sendEvent(535) - responseCode = 200
2021-06-16 12:14:08 INFO  ApacheHttpClient.getWebResourceAsStream(502) - responseCode = 200
2021-06-16 12:14:09 INFO  ApacheHttpClient.getTask(488) - responseCode = 200
2021-06-16 12:14:09 INFO  ApacheHttpClient.completed(32) - responseCode = 200
2021-06-16 12:14:57 INFO  ApacheHttpClient.sendEvent(535) - responseCode = 200
2021-06-16 12:15:57 INFO  ApacheHttpClient.sendEvent(535) - responseCode = 200
2021-06-16 12:16:57 INFO  ApacheHttpClient.sendEvent(535) - responseCode = 200
2021-06-16 12:17:50 INFO  ApacheHttpClient.getWebResourceAsStream(502) - responseCode = 200
2021-06-16 12:17:57 INFO  ApacheHttpClient.sendEvent(535) - responseCode = 200
2021-06-16 12:18:43 INFO  ApacheHttpClient.getWebResourceAsStream(502) - responseCode = 200
2021-06-16 12:18:44 INFO  ApacheHttpClient.getTask(488) - responseCode = 200
2021-06-16 12:18:45 INFO  ApacheHttpClient.completed(32) - responseCode = 200
2021-06-16 12:18:57 INFO  ApacheHttpClient.sendEvent(535) - responseCode = 200
2021-06-16 12:19:24 INFO  ApacheHttpClient.getWebResourceAsStream(502) - responseCode = 200
2021-06-16 12:19:24 INFO  ApacheHttpClient.getTask(488) - responseCode = 200
2021-06-16 12:19:27 INFO  ApacheHttpClient.completed(32) - responseCode = 200
2021-06-16 12:19:57 INFO  ApacheHttpClient.sendEvent(535) - responseCode = 200
2021-06-16 12:19:58 INFO  ApacheHttpClient.getWebResourceAsStream(502) - responseCode = 200
2021-06-16 12:19:58 INFO  ApacheHttpClient.getTask(488) - responseCode = 200
2021-06-16 12:19:59 INFO  ApacheHttpClient.completed(32) - responseCode = 200
2021-06-16 12:20:57 INFO  ApacheHttpClient.sendEvent(535) - responseCode = 200
2021-06-16 12:21:24 INFO  ApacheHttpClient.getWebResourceAsStream(502) - responseCode = 200
2021-06-16 12:21:24 WARN  PluginUtil.getCurrentTask(78) - Error while retrieving the task key.
java.lang.StringIndexOutOfBoundsException: String index out of range: -1
	at java.base/java.lang.String.substring(String.java:1837)
	at com.homework.plugin.PluginUtil.getCurrentVirtualFile(PluginUtil.java:158)
	at com.homework.plugin.PluginUtil.getCurrentTask(PluginUtil.java:69)
	at com.homework.plugin.button.ValidateButton.actionPerformed(ValidateButton.java:57)
	at com.intellij.openapi.actionSystem.ex.ActionUtil.lambda$performActionDumbAware$5(ActionUtil.java:273)
	at com.intellij.util.SlowOperations.lambda$allowSlowOperations$0(SlowOperations.java:77)
	at com.intellij.util.SlowOperations.allowSlowOperations(SlowOperations.java:64)
	at com.intellij.util.SlowOperations.allowSlowOperations(SlowOperations.java:76)
	at com.intellij.openapi.actionSystem.ex.ActionUtil.performActionDumbAware(ActionUtil.java:273)
	at com.intellij.openapi.actionSystem.impl.ActionButton.actionPerformed(ActionButton.java:201)
	at com.intellij.openapi.actionSystem.impl.ActionButton.performAction(ActionButton.java:174)
	at com.intellij.openapi.actionSystem.impl.ActionButton.performAction(ActionButton.java:157)
	at com.intellij.openapi.actionSystem.impl.ActionButton.processMouseEvent(ActionButton.java:469)
	at java.desktop/java.awt.Component.processEvent(Component.java:6417)
	at java.desktop/java.awt.Container.processEvent(Container.java:2263)
	at java.desktop/java.awt.Component.dispatchEventImpl(Component.java:5027)
	at java.desktop/java.awt.Container.dispatchEventImpl(Container.java:2321)
	at java.desktop/java.awt.Component.dispatchEvent(Component.java:4859)
	at java.desktop/java.awt.LightweightDispatcher.retargetMouseEvent(Container.java:4918)
	at java.desktop/java.awt.LightweightDispatcher.processMouseEvent(Container.java:4547)
	at java.desktop/java.awt.LightweightDispatcher.dispatchEvent(Container.java:4488)
	at java.desktop/java.awt.Container.dispatchEventImpl(Container.java:2307)
	at java.desktop/java.awt.Window.dispatchEventImpl(Window.java:2784)
	at java.desktop/java.awt.Component.dispatchEvent(Component.java:4859)
	at java.desktop/java.awt.EventQueue.dispatchEventImpl(EventQueue.java:778)
	at java.desktop/java.awt.EventQueue$4.run(EventQueue.java:727)
	at java.desktop/java.awt.EventQueue$4.run(EventQueue.java:721)
	at java.base/java.security.AccessController.doPrivileged(Native Method)
	at java.base/java.security.ProtectionDomain$JavaSecurityAccessImpl.doIntersectionPrivilege(ProtectionDomain.java:85)
	at java.base/java.security.ProtectionDomain$JavaSecurityAccessImpl.doIntersectionPrivilege(ProtectionDomain.java:95)
	at java.desktop/java.awt.EventQueue$5.run(EventQueue.java:751)
	at java.desktop/java.awt.EventQueue$5.run(EventQueue.java:749)
	at java.base/java.security.AccessController.doPrivileged(Native Method)
	at java.base/java.security.ProtectionDomain$JavaSecurityAccessImpl.doIntersectionPrivilege(ProtectionDomain.java:85)
	at java.desktop/java.awt.EventQueue.dispatchEvent(EventQueue.java:748)
	at com.intellij.ide.IdeEventQueue.defaultDispatchEvent(IdeEventQueue.java:969)
	at com.intellij.ide.IdeEventQueue.dispatchMouseEvent(IdeEventQueue.java:906)
	at com.intellij.ide.IdeEventQueue._dispatchEvent(IdeEventQueue.java:836)
	at com.intellij.ide.IdeEventQueue.lambda$dispatchEvent$8(IdeEventQueue.java:449)
	at com.intellij.openapi.progress.impl.CoreProgressManager.computePrioritized(CoreProgressManager.java:808)
	at com.intellij.ide.IdeEventQueue.lambda$dispatchEvent$9(IdeEventQueue.java:448)
	at com.intellij.openapi.application.impl.ApplicationImpl.runIntendedWriteActionOnCurrentThread(ApplicationImpl.java:781)
	at com.intellij.ide.IdeEventQueue.dispatchEvent(IdeEventQueue.java:502)
	at java.desktop/java.awt.EventDispatchThread.pumpOneEventForFilters(EventDispatchThread.java:203)
	at java.desktop/java.awt.EventDispatchThread.pumpEventsForFilter(EventDispatchThread.java:124)
	at java.desktop/java.awt.EventDispatchThread.pumpEventsForHierarchy(EventDispatchThread.java:113)
	at java.desktop/java.awt.EventDispatchThread.pumpEvents(EventDispatchThread.java:109)
	at java.desktop/java.awt.EventDispatchThread.pumpEvents(EventDispatchThread.java:101)
	at java.desktop/java.awt.EventDispatchThread.run(EventDispatchThread.java:90)
2021-06-16 12:21:24 WARN  PluginUtil.getCurrentDirectory(109) - Error while getting the current directory.
java.lang.StringIndexOutOfBoundsException: String index out of range: -1
	at java.base/java.lang.String.substring(String.java:1837)
	at com.homework.plugin.PluginUtil.getCurrentVirtualFile(PluginUtil.java:158)
	at com.homework.plugin.PluginUtil.getCurrentDirectory(PluginUtil.java:107)
	at com.homework.plugin.button.ValidateButton.actionPerformed(ValidateButton.java:62)
	at com.intellij.openapi.actionSystem.ex.ActionUtil.lambda$performActionDumbAware$5(ActionUtil.java:273)
	at com.intellij.util.SlowOperations.lambda$allowSlowOperations$0(SlowOperations.java:77)
	at com.intellij.util.SlowOperations.allowSlowOperations(SlowOperations.java:64)
	at com.intellij.util.SlowOperations.allowSlowOperations(SlowOperations.java:76)
	at com.intellij.openapi.actionSystem.ex.ActionUtil.performActionDumbAware(ActionUtil.java:273)
	at com.intellij.openapi.actionSystem.impl.ActionButton.actionPerformed(ActionButton.java:201)
	at com.intellij.openapi.actionSystem.impl.ActionButton.performAction(ActionButton.java:174)
	at com.intellij.openapi.actionSystem.impl.ActionButton.performAction(ActionButton.java:157)
	at com.intellij.openapi.actionSystem.impl.ActionButton.processMouseEvent(ActionButton.java:469)
	at java.desktop/java.awt.Component.processEvent(Component.java:6417)
	at java.desktop/java.awt.Container.processEvent(Container.java:2263)
	at java.desktop/java.awt.Component.dispatchEventImpl(Component.java:5027)
	at java.desktop/java.awt.Container.dispatchEventImpl(Container.java:2321)
	at java.desktop/java.awt.Component.dispatchEvent(Component.java:4859)
	at java.desktop/java.awt.LightweightDispatcher.retargetMouseEvent(Container.java:4918)
	at java.desktop/java.awt.LightweightDispatcher.processMouseEvent(Container.java:4547)
	at java.desktop/java.awt.LightweightDispatcher.dispatchEvent(Container.java:4488)
	at java.desktop/java.awt.Container.dispatchEventImpl(Container.java:2307)
	at java.desktop/java.awt.Window.dispatchEventImpl(Window.java:2784)
	at java.desktop/java.awt.Component.dispatchEvent(Component.java:4859)
	at java.desktop/java.awt.EventQueue.dispatchEventImpl(EventQueue.java:778)
	at java.desktop/java.awt.EventQueue$4.run(EventQueue.java:727)
	at java.desktop/java.awt.EventQueue$4.run(EventQueue.java:721)
	at java.base/java.security.AccessController.doPrivileged(Native Method)
	at java.base/java.security.ProtectionDomain$JavaSecurityAccessImpl.doIntersectionPrivilege(ProtectionDomain.java:85)
	at java.base/java.security.ProtectionDomain$JavaSecurityAccessImpl.doIntersectionPrivilege(ProtectionDomain.java:95)
	at java.desktop/java.awt.EventQueue$5.run(EventQueue.java:751)
	at java.desktop/java.awt.EventQueue$5.run(EventQueue.java:749)
	at java.base/java.security.AccessController.doPrivileged(Native Method)
	at java.base/java.security.ProtectionDomain$JavaSecurityAccessImpl.doIntersectionPrivilege(ProtectionDomain.java:85)
	at java.desktop/java.awt.EventQueue.dispatchEvent(EventQueue.java:748)
	at com.intellij.ide.IdeEventQueue.defaultDispatchEvent(IdeEventQueue.java:969)
	at com.intellij.ide.IdeEventQueue.dispatchMouseEvent(IdeEventQueue.java:906)
	at com.intellij.ide.IdeEventQueue._dispatchEvent(IdeEventQueue.java:836)
	at com.intellij.ide.IdeEventQueue.lambda$dispatchEvent$8(IdeEventQueue.java:449)
	at com.intellij.openapi.progress.impl.CoreProgressManager.computePrioritized(CoreProgressManager.java:808)
	at com.intellij.ide.IdeEventQueue.lambda$dispatchEvent$9(IdeEventQueue.java:448)
	at com.intellij.openapi.application.impl.ApplicationImpl.runIntendedWriteActionOnCurrentThread(ApplicationImpl.java:781)
	at com.intellij.ide.IdeEventQueue.dispatchEvent(IdeEventQueue.java:502)
	at java.desktop/java.awt.EventDispatchThread.pumpOneEventForFilters(EventDispatchThread.java:203)
	at java.desktop/java.awt.EventDispatchThread.pumpEventsForFilter(EventDispatchThread.java:124)
	at java.desktop/java.awt.EventDispatchThread.pumpEventsForHierarchy(EventDispatchThread.java:113)
	at java.desktop/java.awt.EventDispatchThread.pumpEvents(EventDispatchThread.java:109)
	at java.desktop/java.awt.EventDispatchThread.pumpEvents(EventDispatchThread.java:101)
	at java.desktop/java.awt.EventDispatchThread.run(EventDispatchThread.java:90)
2021-06-16 12:21:24 WARN  PluginUtil.getCurrentDirectory(109) - Error while getting the current directory.
java.lang.StringIndexOutOfBoundsException: String index out of range: -1
	at java.base/java.lang.String.substring(String.java:1837)
	at com.homework.plugin.PluginUtil.getCurrentVirtualFile(PluginUtil.java:158)
	at com.homework.plugin.PluginUtil.getCurrentDirectory(PluginUtil.java:107)
	at com.homework.plugin.PluginUtil.getTaskTitle(PluginUtil.java:84)
	at com.homework.plugin.button.ValidateButton.actionPerformed(ValidateButton.java:85)
	at com.intellij.openapi.actionSystem.ex.ActionUtil.lambda$performActionDumbAware$5(ActionUtil.java:273)
	at com.intellij.util.SlowOperations.lambda$allowSlowOperations$0(SlowOperations.java:77)
	at com.intellij.util.SlowOperations.allowSlowOperations(SlowOperations.java:64)
	at com.intellij.util.SlowOperations.allowSlowOperations(SlowOperations.java:76)
	at com.intellij.openapi.actionSystem.ex.ActionUtil.performActionDumbAware(ActionUtil.java:273)
	at com.intellij.openapi.actionSystem.impl.ActionButton.actionPerformed(ActionButton.java:201)
	at com.intellij.openapi.actionSystem.impl.ActionButton.performAction(ActionButton.java:174)
	at com.intellij.openapi.actionSystem.impl.ActionButton.performAction(ActionButton.java:157)
	at com.intellij.openapi.actionSystem.impl.ActionButton.processMouseEvent(ActionButton.java:469)
	at java.desktop/java.awt.Component.processEvent(Component.java:6417)
	at java.desktop/java.awt.Container.processEvent(Container.java:2263)
	at java.desktop/java.awt.Component.dispatchEventImpl(Component.java:5027)
	at java.desktop/java.awt.Container.dispatchEventImpl(Container.java:2321)
	at java.desktop/java.awt.Component.dispatchEvent(Component.java:4859)
	at java.desktop/java.awt.LightweightDispatcher.retargetMouseEvent(Container.java:4918)
	at java.desktop/java.awt.LightweightDispatcher.processMouseEvent(Container.java:4547)
	at java.desktop/java.awt.LightweightDispatcher.dispatchEvent(Container.java:4488)
	at java.desktop/java.awt.Container.dispatchEventImpl(Container.java:2307)
	at java.desktop/java.awt.Window.dispatchEventImpl(Window.java:2784)
	at java.desktop/java.awt.Component.dispatchEvent(Component.java:4859)
	at java.desktop/java.awt.EventQueue.dispatchEventImpl(EventQueue.java:778)
	at java.desktop/java.awt.EventQueue$4.run(EventQueue.java:727)
	at java.desktop/java.awt.EventQueue$4.run(EventQueue.java:721)
	at java.base/java.security.AccessController.doPrivileged(Native Method)
	at java.base/java.security.ProtectionDomain$JavaSecurityAccessImpl.doIntersectionPrivilege(ProtectionDomain.java:85)
	at java.base/java.security.ProtectionDomain$JavaSecurityAccessImpl.doIntersectionPrivilege(ProtectionDomain.java:95)
	at java.desktop/java.awt.EventQueue$5.run(EventQueue.java:751)
	at java.desktop/java.awt.EventQueue$5.run(EventQueue.java:749)
	at java.base/java.security.AccessController.doPrivileged(Native Method)
	at java.base/java.security.ProtectionDomain$JavaSecurityAccessImpl.doIntersectionPrivilege(ProtectionDomain.java:85)
	at java.desktop/java.awt.EventQueue.dispatchEvent(EventQueue.java:748)
	at com.intellij.ide.IdeEventQueue.defaultDispatchEvent(IdeEventQueue.java:969)
	at com.intellij.ide.IdeEventQueue.dispatchMouseEvent(IdeEventQueue.java:906)
	at com.intellij.ide.IdeEventQueue._dispatchEvent(IdeEventQueue.java:836)
	at com.intellij.ide.IdeEventQueue.lambda$dispatchEvent$8(IdeEventQueue.java:449)
	at com.intellij.openapi.progress.impl.CoreProgressManager.computePrioritized(CoreProgressManager.java:808)
	at com.intellij.ide.IdeEventQueue.lambda$dispatchEvent$9(IdeEventQueue.java:448)
	at com.intellij.openapi.application.impl.ApplicationImpl.runIntendedWriteActionOnCurrentThread(ApplicationImpl.java:781)
	at com.intellij.ide.IdeEventQueue.dispatchEvent(IdeEventQueue.java:502)
	at java.desktop/java.awt.EventDispatchThread.pumpOneEventForFilters(EventDispatchThread.java:203)
	at java.desktop/java.awt.EventDispatchThread.pumpEventsForFilter(EventDispatchThread.java:124)
	at java.desktop/java.awt.EventDispatchThread.pumpEventsForHierarchy(EventDispatchThread.java:113)
	at java.desktop/java.awt.EventDispatchThread.pumpEvents(EventDispatchThread.java:109)
	at java.desktop/java.awt.EventDispatchThread.pumpEvents(EventDispatchThread.java:101)
	at java.desktop/java.awt.EventDispatchThread.run(EventDispatchThread.java:90)
2021-06-16 12:21:24 INFO  ApacheHttpClient.getTask(488) - responseCode = 200
2021-06-16 12:21:25 INFO  ApacheHttpClient.completed(32) - responseCode = 200
2021-06-16 12:21:57 INFO  ApacheHttpClient.sendEvent(535) - responseCode = 200
2021-06-16 12:22:01 INFO  ApacheHttpClient.getWebResourceAsStream(502) - responseCode = 200
2021-06-16 12:22:01 INFO  ApacheHttpClient.getTask(488) - responseCode = 200
2021-06-16 12:22:03 INFO  ApacheHttpClient.completed(32) - responseCode = 200
2021-06-16 12:22:57 INFO  ApacheHttpClient.sendEvent(535) - responseCode = 200
2021-06-16 12:23:15 INFO  ApacheHttpClient.getWebResourceAsStream(502) - responseCode = 200
2021-06-16 12:23:16 INFO  ApacheHttpClient.getTask(488) - responseCode = 200
2021-06-16 12:23:16 INFO  ApacheHttpClient.completed(32) - responseCode = 200
2021-06-16 12:23:55 INFO  ApacheHttpClient.getWebResourceAsStream(502) - responseCode = 200
2021-06-16 12:23:55 WARN  PluginUtil.getCurrentTask(78) - Error while retrieving the task key.
java.lang.StringIndexOutOfBoundsException: String index out of range: -1
	at java.base/java.lang.String.substring(String.java:1837)
	at com.homework.plugin.PluginUtil.getCurrentVirtualFile(PluginUtil.java:158)
	at com.homework.plugin.PluginUtil.getCurrentTask(PluginUtil.java:69)
	at com.homework.plugin.button.CorrectSolutionButton.actionPerformed(CorrectSolutionButton.java:59)
	at com.intellij.openapi.actionSystem.ex.ActionUtil.lambda$performActionDumbAware$5(ActionUtil.java:273)
	at com.intellij.util.SlowOperations.lambda$allowSlowOperations$0(SlowOperations.java:77)
	at com.intellij.util.SlowOperations.allowSlowOperations(SlowOperations.java:64)
	at com.intellij.util.SlowOperations.allowSlowOperations(SlowOperations.java:76)
	at com.intellij.openapi.actionSystem.ex.ActionUtil.performActionDumbAware(ActionUtil.java:273)
	at com.intellij.openapi.actionSystem.impl.ActionButton.actionPerformed(ActionButton.java:201)
	at com.intellij.openapi.actionSystem.impl.ActionButton.performAction(ActionButton.java:174)
	at com.intellij.openapi.actionSystem.impl.ActionButton.performAction(ActionButton.java:157)
	at com.intellij.openapi.actionSystem.impl.ActionButton.processMouseEvent(ActionButton.java:469)
	at java.desktop/java.awt.Component.processEvent(Component.java:6417)
	at java.desktop/java.awt.Container.processEvent(Container.java:2263)
	at java.desktop/java.awt.Component.dispatchEventImpl(Component.java:5027)
	at java.desktop/java.awt.Container.dispatchEventImpl(Container.java:2321)
	at java.desktop/java.awt.Component.dispatchEvent(Component.java:4859)
	at java.desktop/java.awt.LightweightDispatcher.retargetMouseEvent(Container.java:4918)
	at java.desktop/java.awt.LightweightDispatcher.processMouseEvent(Container.java:4547)
	at java.desktop/java.awt.LightweightDispatcher.dispatchEvent(Container.java:4488)
	at java.desktop/java.awt.Container.dispatchEventImpl(Container.java:2307)
	at java.desktop/java.awt.Window.dispatchEventImpl(Window.java:2784)
	at java.desktop/java.awt.Component.dispatchEvent(Component.java:4859)
	at java.desktop/java.awt.EventQueue.dispatchEventImpl(EventQueue.java:778)
	at java.desktop/java.awt.EventQueue$4.run(EventQueue.java:727)
	at java.desktop/java.awt.EventQueue$4.run(EventQueue.java:721)
	at java.base/java.security.AccessController.doPrivileged(Native Method)
	at java.base/java.security.ProtectionDomain$JavaSecurityAccessImpl.doIntersectionPrivilege(ProtectionDomain.java:85)
	at java.base/java.security.ProtectionDomain$JavaSecurityAccessImpl.doIntersectionPrivilege(ProtectionDomain.java:95)
	at java.desktop/java.awt.EventQueue$5.run(EventQueue.java:751)
	at java.desktop/java.awt.EventQueue$5.run(EventQueue.java:749)
	at java.base/java.security.AccessController.doPrivileged(Native Method)
	at java.base/java.security.ProtectionDomain$JavaSecurityAccessImpl.doIntersectionPrivilege(ProtectionDomain.java:85)
	at java.desktop/java.awt.EventQueue.dispatchEvent(EventQueue.java:748)
	at com.intellij.ide.IdeEventQueue.defaultDispatchEvent(IdeEventQueue.java:969)
	at com.intellij.ide.IdeEventQueue.dispatchMouseEvent(IdeEventQueue.java:906)
	at com.intellij.ide.IdeEventQueue._dispatchEvent(IdeEventQueue.java:836)
	at com.intellij.ide.IdeEventQueue.lambda$dispatchEvent$8(IdeEventQueue.java:449)
	at com.intellij.openapi.progress.impl.CoreProgressManager.computePrioritized(CoreProgressManager.java:808)
	at com.intellij.ide.IdeEventQueue.lambda$dispatchEvent$9(IdeEventQueue.java:448)
	at com.intellij.openapi.application.impl.ApplicationImpl.runIntendedWriteActionOnCurrentThread(ApplicationImpl.java:781)
	at com.intellij.ide.IdeEventQueue.dispatchEvent(IdeEventQueue.java:502)
	at java.desktop/java.awt.EventDispatchThread.pumpOneEventForFilters(EventDispatchThread.java:203)
	at java.desktop/java.awt.EventDispatchThread.pumpEventsForFilter(EventDispatchThread.java:124)
	at java.desktop/java.awt.EventDispatchThread.pumpEventsForHierarchy(EventDispatchThread.java:113)
	at java.desktop/java.awt.EventDispatchThread.pumpEvents(EventDispatchThread.java:109)
	at java.desktop/java.awt.EventDispatchThread.pumpEvents(EventDispatchThread.java:101)
	at java.desktop/java.awt.EventDispatchThread.run(EventDispatchThread.java:90)
2021-06-16 12:23:58 INFO  ApacheHttpClient.sendEvent(535) - responseCode = 200
2021-06-16 12:24:51 INFO  ProjectStartupHandler.runActivity(74) - ---------- Project opened ----------
2021-06-16 12:24:51 INFO  ProjectStartupHandler.runActivity(75) - ---------- Version 3.49 ----------

2021-06-16 12:24:51 INFO  ApacheHttpClient.isSessionAppropriateWithSecretKey(602) - Waiting for server response.
2021-06-16 12:24:51 INFO  ApacheHttpClient.refreshUserInfo(305) - responseCode = 200
2021-06-16 12:24:51 INFO  ApacheHttpClient.refreshUserInfo(311) - User information received.
2021-06-16 12:24:51 INFO  ApacheHttpClient.startGA(36) - GAService started.
2021-06-16 12:24:51 INFO  AbstractRestApiClient.startService(71) - EventsService started.
2021-06-16 12:25:16 INFO  ApacheHttpClient.getWebResourceAsStream(502) - responseCode = 200
2021-06-16 12:25:51 INFO  ApacheHttpClient.sendEvent(535) - responseCode = 200
2021-06-16 12:26:41 INFO  ApacheHttpClient.getWebResourceAsStream(502) - responseCode = 200
2021-06-16 12:26:41 INFO  ApacheHttpClient.getTask(488) - responseCode = 200
2021-06-16 12:26:42 INFO  ApacheHttpClient.completed(32) - responseCode = 200
2021-06-16 12:26:51 INFO  ApacheHttpClient.sendEvent(535) - responseCode = 200
2021-06-16 12:26:57 INFO  ApacheHttpClient.getWebResourceAsStream(502) - responseCode = 200
2021-06-16 12:26:57 INFO  ApacheHttpClient.getTask(488) - responseCode = 200
2021-06-16 12:26:59 INFO  ApacheHttpClient.completed(32) - responseCode = 200
2021-06-16 12:26:59 INFO  ApacheHttpClient.getTask(488) - responseCode = 200
2021-06-16 12:27:51 INFO  ApacheHttpClient.sendEvent(535) - responseCode = 200
2021-06-16 12:28:51 INFO  ApacheHttpClient.sendEvent(535) - responseCode = 200
2021-06-16 12:29:51 INFO  ApacheHttpClient.sendEvent(535) - responseCode = 200
2021-06-16 12:30:51 INFO  ApacheHttpClient.sendEvent(535) - responseCode = 200
2021-06-16 12:31:46 INFO  ApacheHttpClient.getWebResourceAsStream(502) - responseCode = 200
2021-06-16 12:31:51 INFO  ApacheHttpClient.sendEvent(535) - responseCode = 200
2021-06-16 12:32:51 INFO  ApacheHttpClient.sendEvent(535) - responseCode = 200
2021-06-16 12:33:51 INFO  ApacheHttpClient.sendEvent(535) - responseCode = 200
2021-06-16 12:34:51 INFO  ApacheHttpClient.sendEvent(535) - responseCode = 200
2021-06-16 12:35:51 INFO  ApacheHttpClient.sendEvent(535) - responseCode = 200
